<?xml version="1.0" encoding="UTF-8"?>
<!-- Generated by org.testng.reporters.JUnitXMLReporter -->
<testsuite ignored="2" hostname="ndi-mb-199" failures="1" tests="21" name="Login Page Test" time="40.337" errors="0" timestamp="2023-09-26T11:30:07 IST">
  <testcase classname="com.qa.opencart.tests.LoginPageTest" name="loginPageTitleTest" time="5.654">
    <skipped/>
  </testcase> <!-- loginPageTitleTest -->
  <testcase classname="com.qa.opencart.tests.AccountsPageTest" name="accPageHeadersCountTest" time="0.594"/>
  <testcase classname="com.qa.opencart.tests.AccountsPageTest" name="accPageHeadersTest" time="0.58"/>
  <testcase classname="com.qa.opencart.tests.AccountsPageTest" name="accPageTitleTest" time="0.068"/>
  <testcase classname="com.qa.opencart.tests.AccountsPageTest" name="logoutLinkExistTest" time="0.205"/>
  <testcase classname="com.qa.opencart.tests.AccountsPageTest" name="searchTest" time="1.317"/>
  <testcase classname="com.qa.opencart.tests.AccountsPageTest" name="searchTest" time="2.019"/>
  <testcase classname="com.qa.opencart.tests.LoginPageTest" name="loginPageTitleTest" time="5.394">
    <skipped/>
  </testcase> <!-- loginPageTitleTest -->
  <testcase classname="com.qa.opencart.tests.ProductInfoTest" name="productHeaderTest" time="5.857"/>
  <testcase classname="com.qa.opencart.tests.AccountsPageTest" name="searchTest" time="4.54"/>
  <testcase classname="com.qa.opencart.tests.RegisterPageTest" name="userRegisterTest" time="11.659"/>
  <testcase classname="com.qa.opencart.tests.LoginPageTest" name="loginPageTitleTest" time="5.498">
    <skipped/>
  </testcase> <!-- loginPageTitleTest -->
  <testcase classname="com.qa.opencart.tests.ProductInfoTest" name="productHeaderTest" time="4.515"/>
  <testcase classname="com.qa.opencart.tests.RegisterPageTest" name="userRegisterTest" time="5.98"/>
  <testcase classname="com.qa.opencart.tests.LoginPageTest" name="loginPageTitleTest" time="5.351">
    <failure type="java.lang.AssertionError" message="did not expect to find [Account Login123] but found [null]">
      <![CDATA[java.lang.AssertionError: did not expect to find [Account Login123] but found [null]
at com.qa.opencart.tests.LoginPageTest.loginPageTitleTest(LoginPageTest.java:28)
at java.base/java.util.ArrayList.forEach(ArrayList.java:1511)
at java.base/java.util.concurrent.FutureTask.run(FutureTask.java:264)
at java.base/java.util.concurrent.ThreadPoolExecutor.runWorker(ThreadPoolExecutor.java:1136)
at java.base/java.util.concurrent.ThreadPoolExecutor$Worker.run(ThreadPoolExecutor.java:635)
at java.base/java.lang.Thread.run(Thread.java:833)
... Removed 24 stack frames]]>
    </failure>
  </testcase> <!-- loginPageTitleTest -->
  <testcase classname="com.qa.opencart.tests.ProductInfoTest" name="productHeaderTest" time="4.385"/>
  <testcase classname="com.qa.opencart.tests.LoginPageTest" name="loginPageURLTest" time="0.132"/>
  <testcase classname="com.qa.opencart.tests.LoginPageTest" name="isForgotPwdLinkExistTest" time="0.494"/>
  <testcase classname="com.qa.opencart.tests.LoginPageTest" name="loginTest" time="2.346"/>
  <testcase classname="com.qa.opencart.tests.ProductInfoTest" name="productHeaderTest" time="3.33"/>
  <testcase classname="com.qa.opencart.tests.RegisterPageTest" name="userRegisterTest" time="5.676"/>
  <testcase classname="com.qa.opencart.tests.LoginPageTest" name="naveenTest" time="0.0">
    <ignored/>
  </testcase> <!-- naveenTest -->
  <testcase classname="com.qa.opencart.tests.LoginPageTest" name="sanityTest" time="0.0">
    <ignored/>
  </testcase> <!-- sanityTest -->
</testsuite> <!-- Login Page Test -->
